2022-01-23 20:44:28,005 INFO org.springframework.boot.StartupInfoLogger [main] Starting EtkDemoApplication using Java 11.0.12 on ROG-Strix-3060 with PID 33528 (C:\Users\hansh\Desktop\certifai\etk-demo\target\classes started by hansh in C:\Users\hansh\Desktop\certifai\etk-demo)
2022-01-23 20:44:28,006 INFO org.springframework.boot.SpringApplication [main] No active profile set, falling back to default profiles: default
2022-01-23 20:44:28,539 INFO org.springframework.boot.web.embedded.tomcat.TomcatWebServer [main] Tomcat initialized with port(s): 8080 (http)
2022-01-23 20:44:28,545 INFO org.apache.juli.logging.DirectJDKLog [main] Initializing ProtocolHandler ["http-nio-8080"]
2022-01-23 20:44:28,545 INFO org.apache.juli.logging.DirectJDKLog [main] Starting service [Tomcat]
2022-01-23 20:44:28,546 INFO org.apache.juli.logging.DirectJDKLog [main] Starting Servlet engine: [Apache Tomcat/9.0.54]
2022-01-23 20:44:28,587 INFO org.apache.juli.logging.DirectJDKLog [main] Initializing Spring embedded WebApplicationContext
2022-01-23 20:44:28,588 INFO org.springframework.boot.web.servlet.context.ServletWebServerApplicationContext [main] Root WebApplicationContext: initialization completed in 550 ms
2022-01-23 20:44:28,790 INFO org.apache.juli.logging.DirectJDKLog [main] Starting ProtocolHandler ["http-nio-8080"]
2022-01-23 20:44:28,804 INFO org.springframework.boot.web.embedded.tomcat.TomcatWebServer [main] Tomcat started on port(s): 8080 (http) with context path ''
2022-01-23 20:44:28,812 INFO org.springframework.boot.StartupInfoLogger [main] Started EtkDemoApplication in 1.049 seconds (JVM running for 1.879)
2022-01-23 20:44:45,404 INFO org.springframework.boot.StartupInfoLogger [main] Starting EtkDemoApplication using Java 11.0.12 on ROG-Strix-3060 with PID 34172 (C:\Users\hansh\Desktop\certifai\etk-demo\target\classes started by hansh in C:\Users\hansh\Desktop\certifai\etk-demo)
2022-01-23 20:44:45,406 INFO org.springframework.boot.SpringApplication [main] No active profile set, falling back to default profiles: default
2022-01-23 20:44:46,060 INFO org.springframework.boot.web.embedded.tomcat.TomcatWebServer [main] Tomcat initialized with port(s): 8080 (http)
2022-01-23 20:44:46,066 INFO org.apache.juli.logging.DirectJDKLog [main] Initializing ProtocolHandler ["http-nio-8080"]
2022-01-23 20:44:46,066 INFO org.apache.juli.logging.DirectJDKLog [main] Starting service [Tomcat]
2022-01-23 20:44:46,066 INFO org.apache.juli.logging.DirectJDKLog [main] Starting Servlet engine: [Apache Tomcat/9.0.54]
2022-01-23 20:44:46,109 INFO org.apache.juli.logging.DirectJDKLog [main] Initializing Spring embedded WebApplicationContext
2022-01-23 20:44:46,109 INFO org.springframework.boot.web.servlet.context.ServletWebServerApplicationContext [main] Root WebApplicationContext: initialization completed in 663 ms
2022-01-23 20:44:46,318 INFO org.apache.juli.logging.DirectJDKLog [main] Starting ProtocolHandler ["http-nio-8080"]
2022-01-23 20:44:46,331 INFO org.springframework.boot.web.embedded.tomcat.TomcatWebServer [main] Tomcat started on port(s): 8080 (http) with context path ''
2022-01-23 20:44:46,339 INFO org.springframework.boot.StartupInfoLogger [main] Started EtkDemoApplication in 1.196 seconds (JVM running for 1.983)
2022-01-23 20:45:08,013 ERROR org.springframework.boot.SpringApplication [main] Application run failed
java.lang.IllegalStateException: java.lang.IllegalStateException: Logback configuration error detected: 
ERROR in ch.qos.logback.classic.PatternLayout("null") - Empty or null pattern.
	at org.springframework.boot.context.logging.LoggingApplicationListener.initializeSystem(LoggingApplicationListener.java:328)
	at org.springframework.boot.context.logging.LoggingApplicationListener.initialize(LoggingApplicationListener.java:282)
	at org.springframework.boot.context.logging.LoggingApplicationListener.onApplicationEnvironmentPreparedEvent(LoggingApplicationListener.java:240)
	at org.springframework.boot.context.logging.LoggingApplicationListener.onApplicationEvent(LoggingApplicationListener.java:216)
	at org.springframework.context.event.SimpleApplicationEventMulticaster.doInvokeListener(SimpleApplicationEventMulticaster.java:176)
	at org.springframework.context.event.SimpleApplicationEventMulticaster.invokeListener(SimpleApplicationEventMulticaster.java:169)
	at org.springframework.context.event.SimpleApplicationEventMulticaster.multicastEvent(SimpleApplicationEventMulticaster.java:143)
	at org.springframework.context.event.SimpleApplicationEventMulticaster.multicastEvent(SimpleApplicationEventMulticaster.java:131)
	at org.springframework.boot.context.event.EventPublishingRunListener.environmentPrepared(EventPublishingRunListener.java:82)
	at org.springframework.boot.SpringApplicationRunListeners.lambda$environmentPrepared$2(SpringApplicationRunListeners.java:63)
	at java.base/java.util.ArrayList.forEach(ArrayList.java:1541)
	at org.springframework.boot.SpringApplicationRunListeners.doWithListeners(SpringApplicationRunListeners.java:117)
	at org.springframework.boot.SpringApplicationRunListeners.doWithListeners(SpringApplicationRunListeners.java:111)
	at org.springframework.boot.SpringApplicationRunListeners.environmentPrepared(SpringApplicationRunListeners.java:62)
	at org.springframework.boot.SpringApplication.prepareEnvironment(SpringApplication.java:374)
	at org.springframework.boot.SpringApplication.run(SpringApplication.java:332)
	at org.springframework.boot.SpringApplication.run(SpringApplication.java:1343)
	at org.springframework.boot.SpringApplication.run(SpringApplication.java:1332)
	at com.ycsum.elkdemo.ElkDemoApplication.main(EtkDemoApplication.java:10)
Caused by: java.lang.IllegalStateException: Logback configuration error detected: 
ERROR in ch.qos.logback.classic.PatternLayout("null") - Empty or null pattern.
	at org.springframework.boot.logging.logback.LogbackLoggingSystem.loadConfiguration(LogbackLoggingSystem.java:179)
	at org.springframework.boot.logging.logback.LogbackLoggingSystem.reinitialize(LogbackLoggingSystem.java:232)
	at org.springframework.boot.logging.AbstractLoggingSystem.initializeWithConventions(AbstractLoggingSystem.java:73)
	at org.springframework.boot.logging.AbstractLoggingSystem.initialize(AbstractLoggingSystem.java:60)
	at org.springframework.boot.logging.logback.LogbackLoggingSystem.initialize(LogbackLoggingSystem.java:132)
	at org.springframework.boot.context.logging.LoggingApplicationListener.initializeSystem(LoggingApplicationListener.java:313)
	... 18 common frames omitted
2022-01-23 20:45:19,300 ERROR org.springframework.boot.SpringApplication [main] Application run failed
java.lang.IllegalStateException: java.lang.IllegalStateException: Logback configuration error detected: 
ERROR in ch.qos.logback.core.joran.spi.Interpreter@12:18 - RuntimeException in Action for tag [layout] java.lang.NumberFormatException: For input string: "%"
ERROR in ch.qos.logback.core.ConsoleAppender[Console] - No encoder set for the appender named "Console".
	at org.springframework.boot.context.logging.LoggingApplicationListener.initializeSystem(LoggingApplicationListener.java:328)
	at org.springframework.boot.context.logging.LoggingApplicationListener.initialize(LoggingApplicationListener.java:282)
	at org.springframework.boot.context.logging.LoggingApplicationListener.onApplicationEnvironmentPreparedEvent(LoggingApplicationListener.java:240)
	at org.springframework.boot.context.logging.LoggingApplicationListener.onApplicationEvent(LoggingApplicationListener.java:216)
	at org.springframework.context.event.SimpleApplicationEventMulticaster.doInvokeListener(SimpleApplicationEventMulticaster.java:176)
	at org.springframework.context.event.SimpleApplicationEventMulticaster.invokeListener(SimpleApplicationEventMulticaster.java:169)
	at org.springframework.context.event.SimpleApplicationEventMulticaster.multicastEvent(SimpleApplicationEventMulticaster.java:143)
	at org.springframework.context.event.SimpleApplicationEventMulticaster.multicastEvent(SimpleApplicationEventMulticaster.java:131)
	at org.springframework.boot.context.event.EventPublishingRunListener.environmentPrepared(EventPublishingRunListener.java:82)
	at org.springframework.boot.SpringApplicationRunListeners.lambda$environmentPrepared$2(SpringApplicationRunListeners.java:63)
	at java.base/java.util.ArrayList.forEach(ArrayList.java:1541)
	at org.springframework.boot.SpringApplicationRunListeners.doWithListeners(SpringApplicationRunListeners.java:117)
	at org.springframework.boot.SpringApplicationRunListeners.doWithListeners(SpringApplicationRunListeners.java:111)
	at org.springframework.boot.SpringApplicationRunListeners.environmentPrepared(SpringApplicationRunListeners.java:62)
	at org.springframework.boot.SpringApplication.prepareEnvironment(SpringApplication.java:374)
	at org.springframework.boot.SpringApplication.run(SpringApplication.java:332)
	at org.springframework.boot.SpringApplication.run(SpringApplication.java:1343)
	at org.springframework.boot.SpringApplication.run(SpringApplication.java:1332)
	at com.ycsum.elkdemo.ElkDemoApplication.main(EtkDemoApplication.java:10)
Caused by: java.lang.IllegalStateException: Logback configuration error detected: 
ERROR in ch.qos.logback.core.joran.spi.Interpreter@12:18 - RuntimeException in Action for tag [layout] java.lang.NumberFormatException: For input string: "%"
ERROR in ch.qos.logback.core.ConsoleAppender[Console] - No encoder set for the appender named "Console".
	at org.springframework.boot.logging.logback.LogbackLoggingSystem.loadConfiguration(LogbackLoggingSystem.java:179)
	at org.springframework.boot.logging.logback.LogbackLoggingSystem.reinitialize(LogbackLoggingSystem.java:232)
	at org.springframework.boot.logging.AbstractLoggingSystem.initializeWithConventions(AbstractLoggingSystem.java:73)
	at org.springframework.boot.logging.AbstractLoggingSystem.initialize(AbstractLoggingSystem.java:60)
	at org.springframework.boot.logging.logback.LogbackLoggingSystem.initialize(LogbackLoggingSystem.java:132)
	at org.springframework.boot.context.logging.LoggingApplicationListener.initializeSystem(LoggingApplicationListener.java:313)
	... 18 common frames omitted
2022-01-23 20:45:25,955 ERROR org.springframework.boot.SpringApplication [main] Application run failed
java.lang.IllegalStateException: java.lang.IllegalStateException: Logback configuration error detected: 
ERROR in ch.qos.logback.core.joran.spi.Interpreter@12:18 - RuntimeException in Action for tag [layout] java.lang.NumberFormatException: For input string: "%{"
ERROR in ch.qos.logback.core.ConsoleAppender[Console] - No encoder set for the appender named "Console".
	at org.springframework.boot.context.logging.LoggingApplicationListener.initializeSystem(LoggingApplicationListener.java:328)
	at org.springframework.boot.context.logging.LoggingApplicationListener.initialize(LoggingApplicationListener.java:282)
	at org.springframework.boot.context.logging.LoggingApplicationListener.onApplicationEnvironmentPreparedEvent(LoggingApplicationListener.java:240)
	at org.springframework.boot.context.logging.LoggingApplicationListener.onApplicationEvent(LoggingApplicationListener.java:216)
	at org.springframework.context.event.SimpleApplicationEventMulticaster.doInvokeListener(SimpleApplicationEventMulticaster.java:176)
	at org.springframework.context.event.SimpleApplicationEventMulticaster.invokeListener(SimpleApplicationEventMulticaster.java:169)
	at org.springframework.context.event.SimpleApplicationEventMulticaster.multicastEvent(SimpleApplicationEventMulticaster.java:143)
	at org.springframework.context.event.SimpleApplicationEventMulticaster.multicastEvent(SimpleApplicationEventMulticaster.java:131)
	at org.springframework.boot.context.event.EventPublishingRunListener.environmentPrepared(EventPublishingRunListener.java:82)
	at org.springframework.boot.SpringApplicationRunListeners.lambda$environmentPrepared$2(SpringApplicationRunListeners.java:63)
	at java.base/java.util.ArrayList.forEach(ArrayList.java:1541)
	at org.springframework.boot.SpringApplicationRunListeners.doWithListeners(SpringApplicationRunListeners.java:117)
	at org.springframework.boot.SpringApplicationRunListeners.doWithListeners(SpringApplicationRunListeners.java:111)
	at org.springframework.boot.SpringApplicationRunListeners.environmentPrepared(SpringApplicationRunListeners.java:62)
	at org.springframework.boot.SpringApplication.prepareEnvironment(SpringApplication.java:374)
	at org.springframework.boot.SpringApplication.run(SpringApplication.java:332)
	at org.springframework.boot.SpringApplication.run(SpringApplication.java:1343)
	at org.springframework.boot.SpringApplication.run(SpringApplication.java:1332)
	at com.ycsum.elkdemo.ElkDemoApplication.main(EtkDemoApplication.java:10)
Caused by: java.lang.IllegalStateException: Logback configuration error detected: 
ERROR in ch.qos.logback.core.joran.spi.Interpreter@12:18 - RuntimeException in Action for tag [layout] java.lang.NumberFormatException: For input string: "%{"
ERROR in ch.qos.logback.core.ConsoleAppender[Console] - No encoder set for the appender named "Console".
	at org.springframework.boot.logging.logback.LogbackLoggingSystem.loadConfiguration(LogbackLoggingSystem.java:179)
	at org.springframework.boot.logging.logback.LogbackLoggingSystem.reinitialize(LogbackLoggingSystem.java:232)
	at org.springframework.boot.logging.AbstractLoggingSystem.initializeWithConventions(AbstractLoggingSystem.java:73)
	at org.springframework.boot.logging.AbstractLoggingSystem.initialize(AbstractLoggingSystem.java:60)
	at org.springframework.boot.logging.logback.LogbackLoggingSystem.initialize(LogbackLoggingSystem.java:132)
	at org.springframework.boot.context.logging.LoggingApplicationListener.initializeSystem(LoggingApplicationListener.java:313)
	... 18 common frames omitted
2022-01-23 20:45:44,394 INFO org.springframework.boot.StartupInfoLogger [main] Starting EtkDemoApplication using Java 11.0.12 on ROG-Strix-3060 with PID 32292 (C:\Users\hansh\Desktop\certifai\etk-demo\target\classes started by hansh in C:\Users\hansh\Desktop\certifai\etk-demo)
2022-01-23 20:45:44,396 INFO org.springframework.boot.SpringApplication [main] No active profile set, falling back to default profiles: default
2022-01-23 20:45:45,002 INFO org.springframework.boot.web.embedded.tomcat.TomcatWebServer [main] Tomcat initialized with port(s): 8080 (http)
2022-01-23 20:45:45,008 INFO org.apache.juli.logging.DirectJDKLog [main] Initializing ProtocolHandler ["http-nio-8080"]
2022-01-23 20:45:45,009 INFO org.apache.juli.logging.DirectJDKLog [main] Starting service [Tomcat]
2022-01-23 20:45:45,009 INFO org.apache.juli.logging.DirectJDKLog [main] Starting Servlet engine: [Apache Tomcat/9.0.54]
2022-01-23 20:45:45,056 INFO org.apache.juli.logging.DirectJDKLog [main] Initializing Spring embedded WebApplicationContext
2022-01-23 20:45:45,056 INFO org.springframework.boot.web.servlet.context.ServletWebServerApplicationContext [main] Root WebApplicationContext: initialization completed in 627 ms
2022-01-23 20:45:45,248 INFO org.apache.juli.logging.DirectJDKLog [main] Starting ProtocolHandler ["http-nio-8080"]
2022-01-23 20:45:45,260 INFO org.springframework.boot.web.embedded.tomcat.TomcatWebServer [main] Tomcat started on port(s): 8080 (http) with context path ''
2022-01-23 20:45:45,268 INFO org.springframework.boot.StartupInfoLogger [main] Started EtkDemoApplication in 1.111 seconds (JVM running for 1.878)
2022-01-23 20:45:56,186 INFO org.apache.juli.logging.DirectJDKLog [http-nio-8080-exec-1] Initializing Spring DispatcherServlet 'dispatcherServlet'
2022-01-23 20:45:56,187 INFO org.springframework.web.servlet.FrameworkServlet [http-nio-8080-exec-1] Initializing Servlet 'dispatcherServlet'
2022-01-23 20:45:56,188 INFO org.springframework.web.servlet.FrameworkServlet [http-nio-8080-exec-1] Completed initialization in 1 ms
2022-01-23 20:45:56,206 INFO com.ycsum.elkdemo.controller.UserController [http-nio-8080-exec-1] [/user/:id] Get user with id: 2
2022-01-23 20:46:08,028 ERROR com.ycsum.elkdemo.controller.UserController [http-nio-8080-exec-2] [/user/:id] Get user with id: 4 not found!
2022-01-23 20:46:51,710 ERROR com.ycsum.elkdemo.controller.UserController [http-nio-8080-exec-3] [/user/:id] Get user with id: 4 not found!
2022-01-23 20:46:52,246 ERROR com.ycsum.elkdemo.controller.UserController [http-nio-8080-exec-4] [/user/:id] Get user with id: 4 not found!
2022-01-23 20:46:52,526 ERROR com.ycsum.elkdemo.controller.UserController [http-nio-8080-exec-5] [/user/:id] Get user with id: 4 not found!
2022-01-23 20:46:52,791 ERROR com.ycsum.elkdemo.controller.UserController [http-nio-8080-exec-7] [/user/:id] Get user with id: 4 not found!
2022-01-23 20:46:53,075 ERROR com.ycsum.elkdemo.controller.UserController [http-nio-8080-exec-8] [/user/:id] Get user with id: 4 not found!
2022-01-23 20:46:53,373 ERROR com.ycsum.elkdemo.controller.UserController [http-nio-8080-exec-9] [/user/:id] Get user with id: 4 not found!
2022-01-23 20:46:53,670 ERROR com.ycsum.elkdemo.controller.UserController [http-nio-8080-exec-10] [/user/:id] Get user with id: 4 not found!
2022-01-23 20:46:55,130 ERROR com.ycsum.elkdemo.controller.UserController [http-nio-8080-exec-1] [/user/:id] Get user with id: 4 not found!
2022-01-23 20:46:56,908 ERROR com.ycsum.elkdemo.controller.UserController [http-nio-8080-exec-2] [/user/:id] Get user with id: 4 not found!
2022-01-23 20:46:57,155 ERROR com.ycsum.elkdemo.controller.UserController [http-nio-8080-exec-3] [/user/:id] Get user with id: 4 not found!
2022-01-23 20:46:57,471 ERROR com.ycsum.elkdemo.controller.UserController [http-nio-8080-exec-4] [/user/:id] Get user with id: 4 not found!
2022-01-23 20:46:57,756 ERROR com.ycsum.elkdemo.controller.UserController [http-nio-8080-exec-5] [/user/:id] Get user with id: 4 not found!
2022-01-23 20:46:58,033 ERROR com.ycsum.elkdemo.controller.UserController [http-nio-8080-exec-6] [/user/:id] Get user with id: 4 not found!
2022-01-23 20:46:58,337 ERROR com.ycsum.elkdemo.controller.UserController [http-nio-8080-exec-7] [/user/:id] Get user with id: 4 not found!
2022-01-23 20:46:58,641 ERROR com.ycsum.elkdemo.controller.UserController [http-nio-8080-exec-8] [/user/:id] Get user with id: 4 not found!
2022-01-23 20:46:58,950 ERROR com.ycsum.elkdemo.controller.UserController [http-nio-8080-exec-9] [/user/:id] Get user with id: 4 not found!
2022-01-23 20:46:59,241 ERROR com.ycsum.elkdemo.controller.UserController [http-nio-8080-exec-10] [/user/:id] Get user with id: 4 not found!
2022-01-23 20:46:59,546 ERROR com.ycsum.elkdemo.controller.UserController [http-nio-8080-exec-1] [/user/:id] Get user with id: 4 not found!
2022-01-23 20:46:59,847 ERROR com.ycsum.elkdemo.controller.UserController [http-nio-8080-exec-2] [/user/:id] Get user with id: 4 not found!
2022-01-23 20:47:00,154 ERROR com.ycsum.elkdemo.controller.UserController [http-nio-8080-exec-3] [/user/:id] Get user with id: 4 not found!
2022-01-23 20:47:00,482 ERROR com.ycsum.elkdemo.controller.UserController [http-nio-8080-exec-4] [/user/:id] Get user with id: 4 not found!
2022-01-23 20:47:00,797 ERROR com.ycsum.elkdemo.controller.UserController [http-nio-8080-exec-5] [/user/:id] Get user with id: 4 not found!
2022-01-23 20:47:01,116 ERROR com.ycsum.elkdemo.controller.UserController [http-nio-8080-exec-6] [/user/:id] Get user with id: 4 not found!
2022-01-23 20:47:01,440 ERROR com.ycsum.elkdemo.controller.UserController [http-nio-8080-exec-7] [/user/:id] Get user with id: 4 not found!
2022-01-23 20:47:01,758 ERROR com.ycsum.elkdemo.controller.UserController [http-nio-8080-exec-8] [/user/:id] Get user with id: 4 not found!
2022-01-23 20:47:02,086 ERROR com.ycsum.elkdemo.controller.UserController [http-nio-8080-exec-9] [/user/:id] Get user with id: 4 not found!
2022-01-23 20:47:02,399 ERROR com.ycsum.elkdemo.controller.UserController [http-nio-8080-exec-10] [/user/:id] Get user with id: 4 not found!
2022-01-23 20:47:02,707 ERROR com.ycsum.elkdemo.controller.UserController [http-nio-8080-exec-1] [/user/:id] Get user with id: 4 not found!
2022-01-23 20:47:03,016 ERROR com.ycsum.elkdemo.controller.UserController [http-nio-8080-exec-2] [/user/:id] Get user with id: 4 not found!
2022-01-23 20:47:03,346 ERROR com.ycsum.elkdemo.controller.UserController [http-nio-8080-exec-3] [/user/:id] Get user with id: 4 not found!
2022-01-23 20:47:03,673 ERROR com.ycsum.elkdemo.controller.UserController [http-nio-8080-exec-4] [/user/:id] Get user with id: 4 not found!
2022-01-23 20:47:03,982 ERROR com.ycsum.elkdemo.controller.UserController [http-nio-8080-exec-5] [/user/:id] Get user with id: 4 not found!
2022-01-23 20:47:04,312 ERROR com.ycsum.elkdemo.controller.UserController [http-nio-8080-exec-6] [/user/:id] Get user with id: 4 not found!
2022-01-23 20:47:04,633 ERROR com.ycsum.elkdemo.controller.UserController [http-nio-8080-exec-7] [/user/:id] Get user with id: 4 not found!
2022-01-23 20:47:04,949 ERROR com.ycsum.elkdemo.controller.UserController [http-nio-8080-exec-8] [/user/:id] Get user with id: 4 not found!
2022-01-23 20:47:05,297 ERROR com.ycsum.elkdemo.controller.UserController [http-nio-8080-exec-9] [/user/:id] Get user with id: 4 not found!
2022-01-23 20:47:23,517 INFO org.springframework.boot.StartupInfoLogger [main] Starting EtkDemoApplication using Java 11.0.12 on ROG-Strix-3060 with PID 35572 (C:\Users\hansh\Desktop\certifai\etk-demo\target\classes started by hansh in C:\Users\hansh\Desktop\certifai\etk-demo)
2022-01-23 20:47:23,520 INFO org.springframework.boot.SpringApplication [main] No active profile set, falling back to default profiles: default
2022-01-23 20:47:24,077 INFO org.springframework.boot.web.embedded.tomcat.TomcatWebServer [main] Tomcat initialized with port(s): 8080 (http)
2022-01-23 20:47:24,083 INFO org.apache.juli.logging.DirectJDKLog [main] Initializing ProtocolHandler ["http-nio-8080"]
2022-01-23 20:47:24,083 INFO org.apache.juli.logging.DirectJDKLog [main] Starting service [Tomcat]
2022-01-23 20:47:24,083 INFO org.apache.juli.logging.DirectJDKLog [main] Starting Servlet engine: [Apache Tomcat/9.0.54]
2022-01-23 20:47:24,125 INFO org.apache.juli.logging.DirectJDKLog [main] Initializing Spring embedded WebApplicationContext
2022-01-23 20:47:24,125 INFO org.springframework.boot.web.servlet.context.ServletWebServerApplicationContext [main] Root WebApplicationContext: initialization completed in 573 ms
2022-01-23 20:47:24,341 INFO org.apache.juli.logging.DirectJDKLog [main] Starting ProtocolHandler ["http-nio-8080"]
2022-01-23 20:47:24,356 INFO org.springframework.boot.web.embedded.tomcat.TomcatWebServer [main] Tomcat started on port(s): 8080 (http) with context path ''
2022-01-23 20:47:24,364 INFO org.springframework.boot.StartupInfoLogger [main] Started EtkDemoApplication in 1.079 seconds (JVM running for 1.865)
2022-01-23 20:49:59,668 INFO org.springframework.boot.StartupInfoLogger [main] Starting EtkDemoApplication using Java 11.0.12 on ROG-Strix-3060 with PID 31568 (C:\Users\hansh\Desktop\certifai\etk-demo\target\classes started by hansh in C:\Users\hansh\Desktop\certifai\etk-demo)
2022-01-23 20:49:59,670 INFO org.springframework.boot.SpringApplication [main] No active profile set, falling back to default profiles: default
2022-01-23 20:50:00,243 INFO org.springframework.boot.web.embedded.tomcat.TomcatWebServer [main] Tomcat initialized with port(s): 8080 (http)
2022-01-23 20:50:00,249 INFO org.apache.juli.logging.DirectJDKLog [main] Initializing ProtocolHandler ["http-nio-8080"]
2022-01-23 20:50:00,250 INFO org.apache.juli.logging.DirectJDKLog [main] Starting service [Tomcat]
2022-01-23 20:50:00,250 INFO org.apache.juli.logging.DirectJDKLog [main] Starting Servlet engine: [Apache Tomcat/9.0.54]
2022-01-23 20:50:00,295 INFO org.apache.juli.logging.DirectJDKLog [main] Initializing Spring embedded WebApplicationContext
2022-01-23 20:50:00,296 INFO org.springframework.boot.web.servlet.context.ServletWebServerApplicationContext [main] Root WebApplicationContext: initialization completed in 597 ms
2022-01-23 20:50:00,542 INFO org.apache.juli.logging.DirectJDKLog [main] Starting ProtocolHandler ["http-nio-8080"]
2022-01-23 20:50:00,556 INFO org.springframework.boot.web.embedded.tomcat.TomcatWebServer [main] Tomcat started on port(s): 8080 (http) with context path ''
2022-01-23 20:50:00,564 INFO org.springframework.boot.StartupInfoLogger [main] Started EtkDemoApplication in 1.132 seconds (JVM running for 1.942)
2022-01-23 20:51:32,232 INFO org.springframework.boot.StartupInfoLogger [main] Starting EtkDemoApplication using Java 11.0.12 on ROG-Strix-3060 with PID 35056 (C:\Users\hansh\Desktop\certifai\etk-demo\target\classes started by hansh in C:\Users\hansh\Desktop\certifai\etk-demo)
2022-01-23 20:51:32,234 INFO org.springframework.boot.SpringApplication [main] No active profile set, falling back to default profiles: default
2022-01-23 20:51:32,771 INFO org.springframework.boot.web.embedded.tomcat.TomcatWebServer [main] Tomcat initialized with port(s): 8080 (http)
2022-01-23 20:51:32,777 INFO org.apache.juli.logging.DirectJDKLog [main] Initializing ProtocolHandler ["http-nio-8080"]
2022-01-23 20:51:32,777 INFO org.apache.juli.logging.DirectJDKLog [main] Starting service [Tomcat]
2022-01-23 20:51:32,778 INFO org.apache.juli.logging.DirectJDKLog [main] Starting Servlet engine: [Apache Tomcat/9.0.54]
2022-01-23 20:51:32,825 INFO org.apache.juli.logging.DirectJDKLog [main] Initializing Spring embedded WebApplicationContext
2022-01-23 20:51:32,825 INFO org.springframework.boot.web.servlet.context.ServletWebServerApplicationContext [main] Root WebApplicationContext: initialization completed in 561 ms
2022-01-23 20:51:33,023 INFO org.apache.juli.logging.DirectJDKLog [main] Starting ProtocolHandler ["http-nio-8080"]
2022-01-23 20:51:33,036 INFO org.springframework.boot.web.embedded.tomcat.TomcatWebServer [main] Tomcat started on port(s): 8080 (http) with context path ''
2022-01-23 20:51:33,043 INFO org.springframework.boot.StartupInfoLogger [main] Started EtkDemoApplication in 1.051 seconds (JVM running for 1.929)
2022-01-23 20:51:47,719 INFO org.springframework.boot.StartupInfoLogger [main] Starting EtkDemoApplication using Java 11.0.12 on ROG-Strix-3060 with PID 25808 (C:\Users\hansh\Desktop\certifai\etk-demo\target\classes started by hansh in C:\Users\hansh\Desktop\certifai\etk-demo)
2022-01-23 20:51:47,721 INFO org.springframework.boot.SpringApplication [main] No active profile set, falling back to default profiles: default
2022-01-23 20:51:48,308 INFO org.springframework.boot.web.embedded.tomcat.TomcatWebServer [main] Tomcat initialized with port(s): 8080 (http)
2022-01-23 20:51:48,314 INFO org.apache.juli.logging.DirectJDKLog [main] Initializing ProtocolHandler ["http-nio-8080"]
2022-01-23 20:51:48,314 INFO org.apache.juli.logging.DirectJDKLog [main] Starting service [Tomcat]
2022-01-23 20:51:48,315 INFO org.apache.juli.logging.DirectJDKLog [main] Starting Servlet engine: [Apache Tomcat/9.0.54]
2022-01-23 20:51:48,362 INFO org.apache.juli.logging.DirectJDKLog [main] Initializing Spring embedded WebApplicationContext
2022-01-23 20:51:48,363 INFO org.springframework.boot.web.servlet.context.ServletWebServerApplicationContext [main] Root WebApplicationContext: initialization completed in 610 ms
2022-01-23 20:51:48,557 INFO org.apache.juli.logging.DirectJDKLog [main] Starting ProtocolHandler ["http-nio-8080"]
2022-01-23 20:51:48,568 INFO org.springframework.boot.web.embedded.tomcat.TomcatWebServer [main] Tomcat started on port(s): 8080 (http) with context path ''
2022-01-23 20:51:48,576 INFO org.springframework.boot.StartupInfoLogger [main] Started EtkDemoApplication in 1.092 seconds (JVM running for 1.857)
2022-01-23 20:52:32,412 INFO org.springframework.boot.StartupInfoLogger [main] Starting EtkDemoApplication using Java 11.0.12 on ROG-Strix-3060 with PID 24380 (C:\Users\hansh\Desktop\certifai\etk-demo\target\classes started by hansh in C:\Users\hansh\Desktop\certifai\etk-demo)
2022-01-23 20:52:32,414 INFO org.springframework.boot.SpringApplication [main] No active profile set, falling back to default profiles: default
2022-01-23 20:52:32,979 INFO org.springframework.boot.web.embedded.tomcat.TomcatWebServer [main] Tomcat initialized with port(s): 8080 (http)
2022-01-23 20:52:32,985 INFO org.apache.juli.logging.DirectJDKLog [main] Initializing ProtocolHandler ["http-nio-8080"]
2022-01-23 20:52:32,986 INFO org.apache.juli.logging.DirectJDKLog [main] Starting service [Tomcat]
2022-01-23 20:52:32,986 INFO org.apache.juli.logging.DirectJDKLog [main] Starting Servlet engine: [Apache Tomcat/9.0.54]
2022-01-23 20:52:33,034 INFO org.apache.juli.logging.DirectJDKLog [main] Initializing Spring embedded WebApplicationContext
2022-01-23 20:52:33,034 INFO org.springframework.boot.web.servlet.context.ServletWebServerApplicationContext [main] Root WebApplicationContext: initialization completed in 590 ms
2022-01-23 20:52:33,268 INFO org.apache.juli.logging.DirectJDKLog [main] Starting ProtocolHandler ["http-nio-8080"]
2022-01-23 20:52:33,283 INFO org.springframework.boot.web.embedded.tomcat.TomcatWebServer [main] Tomcat started on port(s): 8080 (http) with context path ''
2022-01-23 20:52:33,290 INFO org.springframework.boot.StartupInfoLogger [main] Started EtkDemoApplication in 1.136 seconds (JVM running for 1.948)
